Analysis & Synthesis report for enchip
Fri Oct 20 16:26:44 2023
Quartus Prime Version 22.1std.2 Build 922 07/20/2023 SC Lite Edition


---------------------
; Table of Contents ;
---------------------
  1. Legal Notice
  2. Analysis & Synthesis Summary
  3. Analysis & Synthesis Settings
  4. Parallel Compilation
  5. Analysis & Synthesis Source Files Read
  6. Analysis & Synthesis Resource Usage Summary
  7. Analysis & Synthesis Resource Utilization by Entity
  8. State Machine - |Enchip|CPU:C3|Controller:Controller_comp|State
  9. Registers Removed During Synthesis
 10. General Register Statistics
 11. Multiplexer Restructuring Statistics (Restructuring Performed)
 12. Post-Synthesis Netlist Statistics for Top Partition
 13. Elapsed Time Per Partition
 14. Analysis & Synthesis Messages



----------------
; Legal Notice ;
----------------
Copyright (C) 2023  Intel Corporation. All rights reserved.
Your use of Intel Corporation's design tools, logic functions 
and other software and tools, and any partner logic 
functions, and any output files from any of the foregoing 
(including device programming or simulation files), and any 
associated documentation or information are expressly subject 
to the terms and conditions of the Intel Program License 
Subscription Agreement, the Intel Quartus Prime License Agreement,
the Intel FPGA IP License Agreement, or other applicable license
agreement, including, without limitation, that your use is for
the sole purpose of programming logic devices manufactured by
Intel and sold by Intel or its authorized distributors.  Please
refer to the applicable agreement for further details, at
https://fpgasoftware.intel.com/eula.



+----------------------------------------------------------------------------------+
; Analysis & Synthesis Summary                                                     ;
+---------------------------------+------------------------------------------------+
; Analysis & Synthesis Status     ; Successful - Fri Oct 20 16:26:44 2023          ;
; Quartus Prime Version           ; 22.1std.2 Build 922 07/20/2023 SC Lite Edition ;
; Revision Name                   ; enchip                                         ;
; Top-level Entity Name           ; Enchip                                         ;
; Family                          ; Cyclone V                                      ;
; Logic utilization (in ALMs)     ; N/A                                            ;
; Total registers                 ; 270                                            ;
; Total pins                      ; 35                                             ;
; Total virtual pins              ; 0                                              ;
; Total block memory bits         ; 0                                              ;
; Total DSP Blocks                ; 0                                              ;
; Total HSSI RX PCSs              ; 0                                              ;
; Total HSSI PMA RX Deserializers ; 0                                              ;
; Total HSSI TX PCSs              ; 0                                              ;
; Total HSSI PMA TX Serializers   ; 0                                              ;
; Total PLLs                      ; 0                                              ;
; Total DLLs                      ; 0                                              ;
+---------------------------------+------------------------------------------------+


+---------------------------------------------------------------------------------------------------------------------------+
; Analysis & Synthesis Settings                                                                                             ;
+---------------------------------------------------------------------------------+--------------------+--------------------+
; Option                                                                          ; Setting            ; Default Value      ;
+---------------------------------------------------------------------------------+--------------------+--------------------+
; Device                                                                          ; 5CSEMA4U23C6       ;                    ;
; Top-level entity name                                                           ; enchip             ; enchip             ;
; Family name                                                                     ; Cyclone V          ; Cyclone V          ;
; Use smart compilation                                                           ; Off                ; Off                ;
; Enable parallel Assembler and Timing Analyzer during compilation                ; On                 ; On                 ;
; Enable compact report table                                                     ; Off                ; Off                ;
; Restructure Multiplexers                                                        ; Auto               ; Auto               ;
; MLAB Add Timing Constraints For Mixed-Port Feed-Through Mode Setting Don't Care ; Off                ; Off                ;
; Create Debugging Nodes for IP Cores                                             ; Off                ; Off                ;
; Preserve fewer node names                                                       ; On                 ; On                 ;
; Intel FPGA IP Evaluation Mode                                                   ; Enable             ; Enable             ;
; Verilog Version                                                                 ; Verilog_2001       ; Verilog_2001       ;
; VHDL Version                                                                    ; VHDL_1993          ; VHDL_1993          ;
; State Machine Processing                                                        ; Auto               ; Auto               ;
; Safe State Machine                                                              ; Off                ; Off                ;
; Extract Verilog State Machines                                                  ; On                 ; On                 ;
; Extract VHDL State Machines                                                     ; On                 ; On                 ;
; Ignore Verilog initial constructs                                               ; Off                ; Off                ;
; Iteration limit for constant Verilog loops                                      ; 5000               ; 5000               ;
; Iteration limit for non-constant Verilog loops                                  ; 250                ; 250                ;
; Add Pass-Through Logic to Inferred RAMs                                         ; On                 ; On                 ;
; Infer RAMs from Raw Logic                                                       ; On                 ; On                 ;
; Parallel Synthesis                                                              ; On                 ; On                 ;
; DSP Block Balancing                                                             ; Auto               ; Auto               ;
; NOT Gate Push-Back                                                              ; On                 ; On                 ;
; Power-Up Don't Care                                                             ; On                 ; On                 ;
; Remove Redundant Logic Cells                                                    ; Off                ; Off                ;
; Remove Duplicate Registers                                                      ; On                 ; On                 ;
; Ignore CARRY Buffers                                                            ; Off                ; Off                ;
; Ignore CASCADE Buffers                                                          ; Off                ; Off                ;
; Ignore GLOBAL Buffers                                                           ; Off                ; Off                ;
; Ignore ROW GLOBAL Buffers                                                       ; Off                ; Off                ;
; Ignore LCELL Buffers                                                            ; Off                ; Off                ;
; Ignore SOFT Buffers                                                             ; On                 ; On                 ;
; Limit AHDL Integers to 32 Bits                                                  ; Off                ; Off                ;
; Optimization Technique                                                          ; Balanced           ; Balanced           ;
; Carry Chain Length                                                              ; 70                 ; 70                 ;
; Auto Carry Chains                                                               ; On                 ; On                 ;
; Auto Open-Drain Pins                                                            ; On                 ; On                 ;
; Perform WYSIWYG Primitive Resynthesis                                           ; Off                ; Off                ;
; Auto ROM Replacement                                                            ; On                 ; On                 ;
; Auto RAM Replacement                                                            ; On                 ; On                 ;
; Auto DSP Block Replacement                                                      ; On                 ; On                 ;
; Auto Shift Register Replacement                                                 ; Auto               ; Auto               ;
; Allow Shift Register Merging across Hierarchies                                 ; Auto               ; Auto               ;
; Auto Clock Enable Replacement                                                   ; On                 ; On                 ;
; Strict RAM Replacement                                                          ; Off                ; Off                ;
; Allow Synchronous Control Signals                                               ; On                 ; On                 ;
; Force Use of Synchronous Clear Signals                                          ; Off                ; Off                ;
; Auto Resource Sharing                                                           ; Off                ; Off                ;
; Allow Any RAM Size For Recognition                                              ; Off                ; Off                ;
; Allow Any ROM Size For Recognition                                              ; Off                ; Off                ;
; Allow Any Shift Register Size For Recognition                                   ; Off                ; Off                ;
; Use LogicLock Constraints during Resource Balancing                             ; On                 ; On                 ;
; Ignore translate_off and synthesis_off directives                               ; Off                ; Off                ;
; Timing-Driven Synthesis                                                         ; On                 ; On                 ;
; Report Parameter Settings                                                       ; On                 ; On                 ;
; Report Source Assignments                                                       ; On                 ; On                 ;
; Report Connectivity Checks                                                      ; On                 ; On                 ;
; Ignore Maximum Fan-Out Assignments                                              ; Off                ; Off                ;
; Synchronization Register Chain Length                                           ; 3                  ; 3                  ;
; Power Optimization During Synthesis                                             ; Normal compilation ; Normal compilation ;
; HDL message level                                                               ; Level2             ; Level2             ;
; Suppress Register Optimization Related Messages                                 ; Off                ; Off                ;
; Number of Removed Registers Reported in Synthesis Report                        ; 5000               ; 5000               ;
; Number of Swept Nodes Reported in Synthesis Report                              ; 5000               ; 5000               ;
; Number of Inverted Registers Reported in Synthesis Report                       ; 100                ; 100                ;
; Clock MUX Protection                                                            ; On                 ; On                 ;
; Auto Gated Clock Conversion                                                     ; Off                ; Off                ;
; Block Design Naming                                                             ; Auto               ; Auto               ;
; SDC constraint protection                                                       ; Off                ; Off                ;
; Synthesis Effort                                                                ; Auto               ; Auto               ;
; Shift Register Replacement - Allow Asynchronous Clear Signal                    ; On                 ; On                 ;
; Pre-Mapping Resynthesis Optimization                                            ; Off                ; Off                ;
; Analysis & Synthesis Message Level                                              ; Medium             ; Medium             ;
; Disable Register Merging Across Hierarchies                                     ; Auto               ; Auto               ;
; Resource Aware Inference For Block RAM                                          ; On                 ; On                 ;
; Automatic Parallel Synthesis                                                    ; On                 ; On                 ;
; Partial Reconfiguration Bitstream ID                                            ; Off                ; Off                ;
+---------------------------------------------------------------------------------+--------------------+--------------------+


+------------------------------------------+
; Parallel Compilation                     ;
+----------------------------+-------------+
; Processors                 ; Number      ;
+----------------------------+-------------+
; Number detected on machine ; 16          ;
; Maximum allowed            ; 16          ;
;                            ;             ;
; Average used               ; 1.00        ;
; Maximum used               ; 16          ;
;                            ;             ;
; Usage by Processor         ; % Time Used ;
;     Processor 1            ; 100.0%      ;
;     Processor 2            ;   0.0%      ;
;     Processors 3-16        ;   0.0%      ;
+----------------------------+-------------+


+---------------------------------------------------------------------------------------------------------------+
; Analysis & Synthesis Source Files Read                                                                        ;
+----------------------------------+-----------------+-----------------+------------------------------+---------+
; File Name with User-Entered Path ; Used in Netlist ; File Type       ; File Name with Absolute Path ; Library ;
+----------------------------------+-----------------+-----------------+------------------------------+---------+
; Counter.vhd                      ; yes             ; User VHDL File  ; D:/VHDLQ/Counter.vhd         ;         ;
; Rom.vhd                          ; yes             ; User VHDL File  ; D:/VHDLQ/Rom.vhd             ;         ;
; Register.vhd                     ; yes             ; User VHDL File  ; D:/VHDLQ/Register.vhd        ;         ;
; Ram.vhd                          ; yes             ; User VHDL File  ; D:/VHDLQ/Ram.vhd             ;         ;
; Out_Buffert.vhd                  ; yes             ; User VHDL File  ; D:/VHDLQ/Out_Buffert.vhd     ;         ;
; Mux.vhd                          ; yes             ; User VHDL File  ; D:/VHDLQ/Mux.vhd             ;         ;
; In_Buffert.vhd                   ; yes             ; User VHDL File  ; D:/VHDLQ/In_Buffert.vhd      ;         ;
; Enchip.vhd                       ; yes             ; User VHDL File  ; D:/VHDLQ/Enchip.vhd          ;         ;
; CPU_Package.vhd                  ; yes             ; User VHDL File  ; D:/VHDLQ/CPU_Package.vhd     ;         ;
; CPU.vhd                          ; yes             ; User VHDL File  ; D:/VHDLQ/CPU.vhd             ;         ;
; Controller.vhd                   ; yes             ; User VHDL File  ; D:/VHDLQ/Controller.vhd      ;         ;
; Clk_Div.vhd                      ; yes             ; User VHDL File  ; D:/VHDLQ/Clk_Div.vhd         ;         ;
; Buffert.vhd                      ; yes             ; User VHDL File  ; D:/VHDLQ/Buffert.vhd         ;         ;
; ALU.vhd                          ; yes             ; User VHDL File  ; D:/VHDLQ/ALU.vhd             ;         ;
+----------------------------------+-----------------+-----------------+------------------------------+---------+


+---------------------------------------------------------------------------+
; Analysis & Synthesis Resource Usage Summary                               ;
+---------------------------------------------+-----------------------------+
; Resource                                    ; Usage                       ;
+---------------------------------------------+-----------------------------+
; Estimate of Logic utilization (ALMs needed) ; 207                         ;
;                                             ;                             ;
; Combinational ALUT usage for logic          ; 272                         ;
;     -- 7 input functions                    ; 10                          ;
;     -- 6 input functions                    ; 111                         ;
;     -- 5 input functions                    ; 34                          ;
;     -- 4 input functions                    ; 37                          ;
;     -- <=3 input functions                  ; 80                          ;
;                                             ;                             ;
; Dedicated logic registers                   ; 270                         ;
;                                             ;                             ;
; I/O pins                                    ; 35                          ;
;                                             ;                             ;
; Total DSP Blocks                            ; 0                           ;
;                                             ;                             ;
; Maximum fan-out node                        ; ClockDivider:C5|clk_divided ;
; Maximum fan-out                             ; 232                         ;
; Total fan-out                               ; 2141                        ;
; Average fan-out                             ; 3.50                        ;
+---------------------------------------------+-----------------------------+


+-----------------------------------------------------------------------------------------------------------------------------------------------------------------------------------------------------------------------+
; Analysis & Synthesis Resource Utilization by Entity                                                                                                                                                                   ;
+------------------------------------+---------------------+---------------------------+-------------------+------------+------+--------------+-------------------------------------------+--------------+--------------+
; Compilation Hierarchy Node         ; Combinational ALUTs ; Dedicated Logic Registers ; Block Memory Bits ; DSP Blocks ; Pins ; Virtual Pins ; Full Hierarchy Name                       ; Entity Name  ; Library Name ;
+------------------------------------+---------------------+---------------------------+-------------------+------------+------+--------------+-------------------------------------------+--------------+--------------+
; |Enchip                            ; 272 (37)            ; 270 (0)                   ; 0                 ; 0          ; 35   ; 0            ; |Enchip                                   ; Enchip       ; work         ;
;    |CPU:C3|                        ; 120 (0)             ; 90 (0)                    ; 0                 ; 0          ; 0    ; 0            ; |Enchip|CPU:C3                            ; CPU          ; work         ;
;       |ALU:ALU_comp|               ; 48 (48)             ; 12 (12)                   ; 0                 ; 0          ; 0    ; 0            ; |Enchip|CPU:C3|ALU:ALU_comp               ; ALU          ; work         ;
;       |Controller:Controller_comp| ; 44 (44)             ; 46 (46)                   ; 0                 ; 0          ; 0    ; 0            ; |Enchip|CPU:C3|Controller:Controller_comp ; Controller   ; work         ;
;       |Multiplexer:Mux_comp|       ; 8 (8)               ; 0 (0)                     ; 0                 ; 0          ; 0    ; 0            ; |Enchip|CPU:C3|Multiplexer:Mux_comp       ; Multiplexer  ; work         ;
;       |RegisterFile:Register_comp| ; 20 (20)             ; 32 (32)                   ; 0                 ; 0          ; 0    ; 0            ; |Enchip|CPU:C3|RegisterFile:Register_comp ; RegisterFile ; work         ;
;    |ClockDivider:C5|               ; 38 (38)             ; 32 (32)                   ; 0                 ; 0          ; 0    ; 0            ; |Enchip|ClockDivider:C5                   ; ClockDivider ; work         ;
;    |Counter:C7|                    ; 11 (11)             ; 12 (12)                   ; 0                 ; 0          ; 0    ; 0            ; |Enchip|Counter:C7                        ; Counter      ; work         ;
;    |OutBuffert:C4|                 ; 0 (0)               ; 8 (8)                     ; 0                 ; 0          ; 0    ; 0            ; |Enchip|OutBuffert:C4                     ; OutBuffert   ; work         ;
;    |ram:C2|                        ; 56 (56)             ; 128 (128)                 ; 0                 ; 0          ; 0    ; 0            ; |Enchip|ram:C2                            ; ram          ; work         ;
;    |rom:C1|                        ; 10 (10)             ; 0 (0)                     ; 0                 ; 0          ; 0    ; 0            ; |Enchip|rom:C1                            ; rom          ; work         ;
+------------------------------------+---------------------+---------------------------+-------------------+------------+------+--------------+-------------------------------------------+--------------+--------------+
Note: For table entries with two numbers listed, the numbers in parentheses indicate the number of resources of the given type used by the specific entity alone. The numbers listed outside of parentheses indicate the total resources of the given type used by the specific entity and all of its sub-entities in the hierarchy.


Encoding Type:  One-Hot
+------------------------------------------------------------------------------------------------------------------------------------------------------------------------------------------------------------------+
; State Machine - |Enchip|CPU:C3|Controller:Controller_comp|State                                                                                                                                                  ;
+--------------------------+----------------------+------------------+-----------------+--------------------+--------------------------+------------------------+-------------------------+------------------------+
; Name                     ; State.Load_Immidiate ; State.Store_data ; State.Load_Data ; State.Write_Result ; State.Decode_Instruction ; State.Load_Instruction ; State.Fetch_Instruction ; State.Controller_Reset ;
+--------------------------+----------------------+------------------+-----------------+--------------------+--------------------------+------------------------+-------------------------+------------------------+
; State.Controller_Reset   ; 0                    ; 0                ; 0               ; 0                  ; 0                        ; 0                      ; 0                       ; 0                      ;
; State.Fetch_Instruction  ; 0                    ; 0                ; 0               ; 0                  ; 0                        ; 0                      ; 1                       ; 1                      ;
; State.Load_Instruction   ; 0                    ; 0                ; 0               ; 0                  ; 0                        ; 1                      ; 0                       ; 1                      ;
; State.Decode_Instruction ; 0                    ; 0                ; 0               ; 0                  ; 1                        ; 0                      ; 0                       ; 1                      ;
; State.Write_Result       ; 0                    ; 0                ; 0               ; 1                  ; 0                        ; 0                      ; 0                       ; 1                      ;
; State.Load_Data          ; 0                    ; 0                ; 1               ; 0                  ; 0                        ; 0                      ; 0                       ; 1                      ;
; State.Store_data         ; 0                    ; 1                ; 0               ; 0                  ; 0                        ; 0                      ; 0                       ; 1                      ;
; State.Load_Immidiate     ; 1                    ; 0                ; 0               ; 0                  ; 0                        ; 0                      ; 0                       ; 1                      ;
+--------------------------+----------------------+------------------+-----------------+--------------------+--------------------------+------------------------+-------------------------+------------------------+


+--------------------------------------------------------------------------------------------------------------------+
; Registers Removed During Synthesis                                                                                 ;
+--------------------------------------------------------+-----------------------------------------------------------+
; Register name                                          ; Reason for Removal                                        ;
+--------------------------------------------------------+-----------------------------------------------------------+
; ram:C2|data[0]~en                                      ; Stuck at GND due to stuck port data_in                    ;
; ram:C2|data[1]~en                                      ; Stuck at GND due to stuck port data_in                    ;
; ram:C2|data[2]~en                                      ; Stuck at GND due to stuck port data_in                    ;
; ram:C2|data[3]~en                                      ; Stuck at GND due to stuck port data_in                    ;
; ram:C2|data[4]~en                                      ; Stuck at GND due to stuck port data_in                    ;
; ram:C2|data[5]~en                                      ; Stuck at GND due to stuck port data_in                    ;
; ram:C2|data[6]~en                                      ; Stuck at GND due to stuck port data_in                    ;
; ram:C2|data[7]~en                                      ; Stuck at GND due to stuck port data_in                    ;
; CPU:C3|Controller:Controller_comp|ROM_en               ; Stuck at GND due to stuck port data_in                    ;
; CPU:C3|ALU:ALU_comp|z_flag_check[1..7]                 ; Merged with CPU:C3|ALU:ALU_comp|z_flag_check[0]           ;
; CPU:C3|Controller:Controller_comp|data_imm[5..7]       ; Merged with CPU:C3|Controller:Controller_comp|data_imm[4] ;
; CPU:C3|ALU:ALU_comp|z_flag_check[0]                    ; Stuck at GND due to stuck port data_in                    ;
; CPU:C3|Controller:Controller_comp|data_imm[4]          ; Stuck at GND due to stuck port data_in                    ;
; ram:C2|data[0]~reg0                                    ; Stuck at GND due to stuck port data_in                    ;
; ram:C2|data[1]~reg0                                    ; Stuck at GND due to stuck port data_in                    ;
; ram:C2|data[2]~reg0                                    ; Stuck at GND due to stuck port data_in                    ;
; ram:C2|data[3]~reg0                                    ; Stuck at GND due to stuck port data_in                    ;
; ram:C2|data[4]~reg0                                    ; Stuck at GND due to stuck port data_in                    ;
; ram:C2|data[5]~reg0                                    ; Stuck at GND due to stuck port data_in                    ;
; ram:C2|data[6]~reg0                                    ; Stuck at GND due to stuck port data_in                    ;
; ram:C2|data[7]~reg0                                    ; Stuck at GND due to stuck port data_in                    ;
; CPU:C3|Controller:Controller_comp|State.Load_Data      ; Lost fanout                                               ;
; CPU:C3|Controller:Controller_comp|State.Load_Immidiate ; Lost fanout                                               ;
; Total Number of Removed Registers = 31                 ;                                                           ;
+--------------------------------------------------------+-----------------------------------------------------------+


+------------------------------------------------------+
; General Register Statistics                          ;
+----------------------------------------------+-------+
; Statistic                                    ; Value ;
+----------------------------------------------+-------+
; Total registers                              ; 270   ;
; Number of registers using Synchronous Clear  ; 31    ;
; Number of registers using Synchronous Load   ; 2     ;
; Number of registers using Asynchronous Clear ; 46    ;
; Number of registers using Asynchronous Load  ; 0     ;
; Number of registers using Clock Enable       ; 219   ;
; Number of registers using Preset             ; 0     ;
+----------------------------------------------+-------+


+---------------------------------------------------------------------------------------------------------------------------------------------------------------------+
; Multiplexer Restructuring Statistics (Restructuring Performed)                                                                                                      ;
+--------------------+-----------+---------------+----------------------+------------------------+------------+-------------------------------------------------------+
; Multiplexer Inputs ; Bus Width ; Baseline Area ; Area if Restructured ; Saving if Restructured ; Registered ; Example Multiplexer Output                            ;
+--------------------+-----------+---------------+----------------------+------------------------+------------+-------------------------------------------------------+
; 8:1                ; 7 bits    ; 35 LEs        ; 35 LEs               ; 0 LEs                  ; Yes        ; |Enchip|CPU:C3|ALU:ALU_comp|z_flag                    ;
; 16:1               ; 3 bits    ; 30 LEs        ; 12 LEs               ; 18 LEs                 ; Yes        ; |Enchip|CPU:C3|Controller:Controller_comp|alu_op[1]   ;
; 4:1                ; 4 bits    ; 8 LEs         ; 4 LEs                ; 4 LEs                  ; Yes        ; |Enchip|CPU:C3|Controller:Controller_comp|adr[1]      ;
; 10:1               ; 2 bits    ; 12 LEs        ; 2 LEs                ; 10 LEs                 ; Yes        ; |Enchip|CPU:C3|Controller:Controller_comp|sel_op_0[0] ;
; 17:1               ; 2 bits    ; 22 LEs        ; 8 LEs                ; 14 LEs                 ; Yes        ; |Enchip|CPU:C3|Controller:Controller_comp|sel_mux[1]  ;
; 8:1                ; 2 bits    ; 10 LEs        ; 2 LEs                ; 8 LEs                  ; Yes        ; |Enchip|CPU:C3|Controller:Controller_comp|sel_in[0]   ;
; 13:1               ; 4 bits    ; 32 LEs        ; 4 LEs                ; 28 LEs                 ; Yes        ; |Enchip|CPU:C3|Controller:Controller_comp|pc[0]       ;
; 12:1               ; 2 bits    ; 16 LEs        ; 2 LEs                ; 14 LEs                 ; Yes        ; |Enchip|CPU:C3|Controller:Controller_comp|sel_op_1[0] ;
; 4:1                ; 4 bits    ; 8 LEs         ; 8 LEs                ; 0 LEs                  ; No         ; |Enchip|CPU:C3|Multiplexer:Mux_comp|Mux1              ;
; 4:1                ; 4 bits    ; 8 LEs         ; 8 LEs                ; 0 LEs                  ; No         ; |Enchip|CPU:C3|Multiplexer:Mux_comp|Mux5              ;
+--------------------+-----------+---------------+----------------------+------------------------+------------+-------------------------------------------------------+


+-----------------------------------------------------+
; Post-Synthesis Netlist Statistics for Top Partition ;
+-----------------------+-----------------------------+
; Type                  ; Count                       ;
+-----------------------+-----------------------------+
; arriav_ff             ; 270                         ;
;     CLR               ; 7                           ;
;     CLR SCLR          ; 31                          ;
;     ENA               ; 209                         ;
;     ENA CLR           ; 8                           ;
;     ENA SLD           ; 2                           ;
;     plain             ; 13                          ;
; arriav_lcell_comb     ; 272                         ;
;     arith             ; 39                          ;
;         1 data inputs ; 31                          ;
;         2 data inputs ; 8                           ;
;     extend            ; 10                          ;
;         7 data inputs ; 10                          ;
;     normal            ; 215                         ;
;         1 data inputs ; 1                           ;
;         2 data inputs ; 14                          ;
;         3 data inputs ; 18                          ;
;         4 data inputs ; 37                          ;
;         5 data inputs ; 34                          ;
;         6 data inputs ; 111                         ;
;     shared            ; 8                           ;
;         2 data inputs ; 8                           ;
; boundary_port         ; 35                          ;
;                       ;                             ;
; Max LUT depth         ; 6.20                        ;
; Average LUT depth     ; 3.38                        ;
+-----------------------+-----------------------------+


+-------------------------------+
; Elapsed Time Per Partition    ;
+----------------+--------------+
; Partition Name ; Elapsed Time ;
+----------------+--------------+
; Top            ; 00:00:00     ;
+----------------+--------------+


+-------------------------------+
; Analysis & Synthesis Messages ;
+-------------------------------+
Info: *******************************************************************
Info: Running Quartus Prime Analysis & Synthesis
    Info: Version 22.1std.2 Build 922 07/20/2023 SC Lite Edition
    Info: Processing started: Fri Oct 20 16:26:36 2023
Info: Command: quartus_map --read_settings_files=on --write_settings_files=off enchip -c enchip
Warning (18236): Number of processors has not been specified which may cause overloading on shared machines.  Set the global assignment NUM_PARALLEL_PROCESSORS in your QSF to an appropriate value for best performance.
Info (20030): Parallel compilation is enabled and will use 16 of the 16 processors detected
Info (12021): Found 2 design units, including 1 entities, in source file counter.vhd
    Info (12022): Found design unit 1: Counter-RTL File: D:/VHDLQ/Counter.vhd Line: 12
    Info (12023): Found entity 1: Counter File: D:/VHDLQ/Counter.vhd Line: 6
Info (12021): Found 2 design units, including 1 entities, in source file rom.vhd
    Info (12022): Found design unit 1: rom-RTL File: D:/VHDLQ/Rom.vhd Line: 12
    Info (12023): Found entity 1: rom File: D:/VHDLQ/Rom.vhd Line: 7
Info (12021): Found 2 design units, including 1 entities, in source file register.vhd
    Info (12022): Found design unit 1: RegisterFile-RTL File: D:/VHDLQ/Register.vhd Line: 17
    Info (12023): Found entity 1: RegisterFile File: D:/VHDLQ/Register.vhd Line: 6
Info (12021): Found 2 design units, including 1 entities, in source file ram.vhd
    Info (12022): Found design unit 1: ram-RTL File: D:/VHDLQ/Ram.vhd Line: 16
    Info (12023): Found entity 1: ram File: D:/VHDLQ/Ram.vhd Line: 6
Info (12021): Found 2 design units, including 1 entities, in source file out_buffert.vhd
    Info (12022): Found design unit 1: OutBuffert-RTL File: D:/VHDLQ/Out_Buffert.vhd Line: 13
    Info (12023): Found entity 1: OutBuffert File: D:/VHDLQ/Out_Buffert.vhd Line: 6
Info (12021): Found 2 design units, including 1 entities, in source file mux.vhd
    Info (12022): Found design unit 1: Multiplexer-RTL File: D:/VHDLQ/Mux.vhd Line: 18
    Info (12023): Found entity 1: Multiplexer File: D:/VHDLQ/Mux.vhd Line: 7
Info (12021): Found 2 design units, including 1 entities, in source file in_buffert.vhd
    Info (12022): Found design unit 1: DataInBuffert-RTL File: D:/VHDLQ/In_Buffert.vhd Line: 12
    Info (12023): Found entity 1: DataInBuffert File: D:/VHDLQ/In_Buffert.vhd Line: 6
Info (12021): Found 2 design units, including 1 entities, in source file enchip.vhd
    Info (12022): Found design unit 1: Enchip-RTL File: D:/VHDLQ/Enchip.vhd Line: 18
    Info (12023): Found entity 1: Enchip File: D:/VHDLQ/Enchip.vhd Line: 6
Info (12021): Found 2 design units, including 0 entities, in source file cpu_package.vhd
    Info (12022): Found design unit 1: CPU_Package File: D:/VHDLQ/CPU_Package.vhd Line: 5
    Info (12022): Found design unit 2: CPU_Package-body File: D:/VHDLQ/CPU_Package.vhd Line: 48
Info (12021): Found 2 design units, including 1 entities, in source file cpu.vhd
    Info (12022): Found design unit 1: CPU-RTL File: D:/VHDLQ/CPU.vhd Line: 21
    Info (12023): Found entity 1: CPU File: D:/VHDLQ/CPU.vhd Line: 7
Info (12021): Found 2 design units, including 1 entities, in source file controller.vhd
    Info (12022): Found design unit 1: Controller-RTL File: D:/VHDLQ/Controller.vhd Line: 31
    Info (12023): Found entity 1: Controller File: D:/VHDLQ/Controller.vhd Line: 6
Info (12021): Found 2 design units, including 1 entities, in source file clk_div.vhd
    Info (12022): Found design unit 1: ClockDivider-Behavioral File: D:/VHDLQ/Clk_Div.vhd Line: 13
    Info (12023): Found entity 1: ClockDivider File: D:/VHDLQ/Clk_Div.vhd Line: 5
Info (12021): Found 2 design units, including 1 entities, in source file buffert.vhd
    Info (12022): Found design unit 1: DataBuffert-RTL File: D:/VHDLQ/Buffert.vhd Line: 13
    Info (12023): Found entity 1: DataBuffert File: D:/VHDLQ/Buffert.vhd Line: 6
Info (12021): Found 2 design units, including 1 entities, in source file alu.vhd
    Info (12022): Found design unit 1: ALU-RTL File: D:/VHDLQ/ALU.vhd Line: 20
    Info (12023): Found entity 1: ALU File: D:/VHDLQ/ALU.vhd Line: 6
Info (12127): Elaborating entity "enchip" for the top level hierarchy
Info (12128): Elaborating entity "rom" for hierarchy "rom:C1" File: D:/VHDLQ/Enchip.vhd Line: 131
Info (12128): Elaborating entity "ram" for hierarchy "ram:C2" File: D:/VHDLQ/Enchip.vhd Line: 138
Info (12128): Elaborating entity "CPU" for hierarchy "CPU:C3" File: D:/VHDLQ/Enchip.vhd Line: 147
Info (12128): Elaborating entity "Controller" for hierarchy "CPU:C3|Controller:Controller_comp" File: D:/VHDLQ/CPU.vhd Line: 163
Info (12128): Elaborating entity "DataBuffert" for hierarchy "CPU:C3|DataBuffert:Buffert_comp" File: D:/VHDLQ/CPU.vhd Line: 189
Info (12128): Elaborating entity "Multiplexer" for hierarchy "CPU:C3|Multiplexer:Mux_comp" File: D:/VHDLQ/CPU.vhd Line: 197
Info (12128): Elaborating entity "ALU" for hierarchy "CPU:C3|ALU:ALU_comp" File: D:/VHDLQ/CPU.vhd Line: 208
Info (12128): Elaborating entity "RegisterFile" for hierarchy "CPU:C3|RegisterFile:Register_comp" File: D:/VHDLQ/CPU.vhd Line: 222
Info (12128): Elaborating entity "OutBuffert" for hierarchy "OutBuffert:C4" File: D:/VHDLQ/Enchip.vhd Line: 161
Info (12128): Elaborating entity "ClockDivider" for hierarchy "ClockDivider:C5" File: D:/VHDLQ/Enchip.vhd Line: 169
Info (12128): Elaborating entity "DataInBuffert" for hierarchy "DataInBuffert:C6" File: D:/VHDLQ/Enchip.vhd Line: 176
Info (12128): Elaborating entity "Counter" for hierarchy "Counter:C7" File: D:/VHDLQ/Enchip.vhd Line: 183
Warning (10540): VHDL Signal Declaration warning at Counter.vhd(35): used explicit default value for signal "one" because signal was never assigned a value File: D:/VHDLQ/Counter.vhd Line: 35
Info (276014): Found 2 instances of uninferred RAM logic
    Info (276004): RAM logic "CPU:C3|RegisterFile:Register_comp|registerAddr" is uninferred due to inappropriate RAM size File: D:/VHDLQ/Register.vhd Line: 18
    Info (276007): RAM logic "ram:C2|ram_data" is uninferred due to asynchronous read logic File: D:/VHDLQ/Ram.vhd Line: 18
Warning (13046): Tri-state node(s) do not directly drive top-level pin(s)
    Warning (13049): Converted tri-state buffer "rom:C1|instr[0]" feeding internal logic into a wire File: D:/VHDLQ/Rom.vhd Line: 9
    Warning (13049): Converted tri-state buffer "rom:C1|instr[1]" feeding internal logic into a wire File: D:/VHDLQ/Rom.vhd Line: 9
    Warning (13049): Converted tri-state buffer "rom:C1|instr[2]" feeding internal logic into a wire File: D:/VHDLQ/Rom.vhd Line: 9
    Warning (13049): Converted tri-state buffer "rom:C1|instr[3]" feeding internal logic into a wire File: D:/VHDLQ/Rom.vhd Line: 9
    Warning (13049): Converted tri-state buffer "rom:C1|instr[4]" feeding internal logic into a wire File: D:/VHDLQ/Rom.vhd Line: 9
    Warning (13049): Converted tri-state buffer "rom:C1|instr[5]" feeding internal logic into a wire File: D:/VHDLQ/Rom.vhd Line: 9
    Warning (13049): Converted tri-state buffer "rom:C1|instr[6]" feeding internal logic into a wire File: D:/VHDLQ/Rom.vhd Line: 9
    Warning (13049): Converted tri-state buffer "rom:C1|instr[7]" feeding internal logic into a wire File: D:/VHDLQ/Rom.vhd Line: 9
    Warning (13049): Converted tri-state buffer "rom:C1|instr[8]" feeding internal logic into a wire File: D:/VHDLQ/Rom.vhd Line: 9
    Warning (13049): Converted tri-state buffer "rom:C1|instr[9]" feeding internal logic into a wire File: D:/VHDLQ/Rom.vhd Line: 9
Warning (13027): Removed fan-outs from the following always-disabled I/O buffers
    Warning (13028): Removed fan-out from the always-disabled I/O buffer "ram:C2|data[0]" to the node "DATA_CPU[0]" File: D:/VHDLQ/Ram.vhd Line: 25
    Warning (13028): Removed fan-out from the always-disabled I/O buffer "ram:C2|data[1]" to the node "DATA_CPU[1]" File: D:/VHDLQ/Ram.vhd Line: 25
    Warning (13028): Removed fan-out from the always-disabled I/O buffer "ram:C2|data[2]" to the node "DATA_CPU[2]" File: D:/VHDLQ/Ram.vhd Line: 25
    Warning (13028): Removed fan-out from the always-disabled I/O buffer "ram:C2|data[3]" to the node "DATA_CPU[3]" File: D:/VHDLQ/Ram.vhd Line: 25
    Warning (13028): Removed fan-out from the always-disabled I/O buffer "ram:C2|data[4]" to the node "DATA_CPU[4]" File: D:/VHDLQ/Ram.vhd Line: 25
    Warning (13028): Removed fan-out from the always-disabled I/O buffer "ram:C2|data[5]" to the node "DATA_CPU[5]" File: D:/VHDLQ/Ram.vhd Line: 25
    Warning (13028): Removed fan-out from the always-disabled I/O buffer "ram:C2|data[6]" to the node "DATA_CPU[6]" File: D:/VHDLQ/Ram.vhd Line: 25
    Warning (13028): Removed fan-out from the always-disabled I/O buffer "ram:C2|data[7]" to the node "DATA_CPU[7]" File: D:/VHDLQ/Ram.vhd Line: 25
Warning (13046): Tri-state node(s) do not directly drive top-level pin(s)
    Warning (13047): Converted the fan-out from the tri-state buffer "DATA_IN_OB[0]" to the node "OutBuffert:C4|buf_register[0]" into an OR gate File: D:/VHDLQ/Enchip.vhd Line: 46
    Warning (13047): Converted the fan-out from the tri-state buffer "DATA_IN_OB[1]" to the node "OutBuffert:C4|buf_register[1]" into an OR gate File: D:/VHDLQ/Enchip.vhd Line: 46
    Warning (13047): Converted the fan-out from the tri-state buffer "DATA_IN_OB[2]" to the node "OutBuffert:C4|buf_register[2]" into an OR gate File: D:/VHDLQ/Enchip.vhd Line: 46
    Warning (13047): Converted the fan-out from the tri-state buffer "DATA_IN_OB[3]" to the node "OutBuffert:C4|buf_register[3]" into an OR gate File: D:/VHDLQ/Enchip.vhd Line: 46
    Warning (13047): Converted the fan-out from the tri-state buffer "DATA_IN_OB[4]" to the node "OutBuffert:C4|buf_register[4]" into an OR gate File: D:/VHDLQ/Enchip.vhd Line: 46
    Warning (13047): Converted the fan-out from the tri-state buffer "DATA_IN_OB[5]" to the node "OutBuffert:C4|buf_register[5]" into an OR gate File: D:/VHDLQ/Enchip.vhd Line: 46
    Warning (13047): Converted the fan-out from the tri-state buffer "DATA_IN_OB[6]" to the node "OutBuffert:C4|buf_register[6]" into an OR gate File: D:/VHDLQ/Enchip.vhd Line: 46
    Warning (13047): Converted the fan-out from the tri-state buffer "DATA_IN_OB[7]" to the node "OutBuffert:C4|buf_register[7]" into an OR gate File: D:/VHDLQ/Enchip.vhd Line: 46
    Warning (13047): Converted the fan-out from the tri-state buffer "CPU:C3|DATA_IN_1_MUX[0]" to the node "CPU:C3|Multiplexer:Mux_comp|Mux7" into an OR gate File: D:/VHDLQ/CPU.vhd Line: 139
    Warning (13047): Converted the fan-out from the tri-state buffer "CPU:C3|DATA_IN_1_MUX[1]" to the node "CPU:C3|Multiplexer:Mux_comp|Mux6" into an OR gate File: D:/VHDLQ/CPU.vhd Line: 139
    Warning (13047): Converted the fan-out from the tri-state buffer "CPU:C3|DATA_IN_1_MUX[2]" to the node "CPU:C3|Multiplexer:Mux_comp|Mux5" into an OR gate File: D:/VHDLQ/CPU.vhd Line: 139
    Warning (13047): Converted the fan-out from the tri-state buffer "CPU:C3|DATA_IN_1_MUX[3]" to the node "CPU:C3|Multiplexer:Mux_comp|Mux4" into an OR gate File: D:/VHDLQ/CPU.vhd Line: 139
    Warning (13047): Converted the fan-out from the tri-state buffer "CPU:C3|DATA_IN_1_MUX[4]" to the node "CPU:C3|Multiplexer:Mux_comp|Mux3" into an OR gate File: D:/VHDLQ/CPU.vhd Line: 139
    Warning (13047): Converted the fan-out from the tri-state buffer "CPU:C3|DATA_IN_1_MUX[5]" to the node "CPU:C3|Multiplexer:Mux_comp|Mux2" into an OR gate File: D:/VHDLQ/CPU.vhd Line: 139
    Warning (13047): Converted the fan-out from the tri-state buffer "CPU:C3|DATA_IN_1_MUX[6]" to the node "CPU:C3|Multiplexer:Mux_comp|Mux1" into an OR gate File: D:/VHDLQ/CPU.vhd Line: 139
    Warning (13047): Converted the fan-out from the tri-state buffer "CPU:C3|DATA_IN_1_MUX[7]" to the node "CPU:C3|Multiplexer:Mux_comp|Mux0" into an OR gate File: D:/VHDLQ/CPU.vhd Line: 139
Warning (13046): Tri-state node(s) do not directly drive top-level pin(s)
    Warning (13047): Converted the fan-out from the tri-state buffer "DATA_CPU[0]" to the node "peek_LEDs" into an OR gate File: D:/VHDLQ/Enchip.vhd Line: 97
    Warning (13047): Converted the fan-out from the tri-state buffer "DATA_CPU[1]" to the node "peek_LEDs" into an OR gate File: D:/VHDLQ/Enchip.vhd Line: 97
    Warning (13047): Converted the fan-out from the tri-state buffer "DATA_CPU[2]" to the node "peek_LEDs" into an OR gate File: D:/VHDLQ/Enchip.vhd Line: 97
    Warning (13047): Converted the fan-out from the tri-state buffer "DATA_CPU[3]" to the node "peek_LEDs" into an OR gate File: D:/VHDLQ/Enchip.vhd Line: 97
    Warning (13047): Converted the fan-out from the tri-state buffer "DATA_CPU[4]" to the node "peek_LEDs" into an OR gate File: D:/VHDLQ/Enchip.vhd Line: 97
    Warning (13047): Converted the fan-out from the tri-state buffer "DATA_CPU[5]" to the node "peek_LEDs" into an OR gate File: D:/VHDLQ/Enchip.vhd Line: 97
    Warning (13047): Converted the fan-out from the tri-state buffer "DATA_CPU[6]" to the node "peek_LEDs" into an OR gate File: D:/VHDLQ/Enchip.vhd Line: 97
    Warning (13047): Converted the fan-out from the tri-state buffer "DATA_CPU[7]" to the node "peek_LEDs" into an OR gate File: D:/VHDLQ/Enchip.vhd Line: 97
    Warning (13047): Converted the fan-out from the tri-state buffer "DATA_RAM[0]" to the node "ram:C2|ram_data" into an OR gate File: D:/VHDLQ/Enchip.vhd Line: 74
    Warning (13047): Converted the fan-out from the tri-state buffer "DATA_RAM[1]" to the node "ram:C2|ram_data" into an OR gate File: D:/VHDLQ/Enchip.vhd Line: 74
    Warning (13047): Converted the fan-out from the tri-state buffer "DATA_RAM[2]" to the node "ram:C2|ram_data" into an OR gate File: D:/VHDLQ/Enchip.vhd Line: 74
    Warning (13047): Converted the fan-out from the tri-state buffer "DATA_RAM[3]" to the node "ram:C2|ram_data" into an OR gate File: D:/VHDLQ/Enchip.vhd Line: 74
    Warning (13047): Converted the fan-out from the tri-state buffer "DATA_RAM[4]" to the node "ram:C2|ram_data" into an OR gate File: D:/VHDLQ/Enchip.vhd Line: 74
    Warning (13047): Converted the fan-out from the tri-state buffer "DATA_RAM[5]" to the node "ram:C2|ram_data" into an OR gate File: D:/VHDLQ/Enchip.vhd Line: 74
    Warning (13047): Converted the fan-out from the tri-state buffer "DATA_RAM[6]" to the node "ram:C2|ram_data" into an OR gate File: D:/VHDLQ/Enchip.vhd Line: 74
    Warning (13047): Converted the fan-out from the tri-state buffer "DATA_RAM[7]" to the node "ram:C2|ram_data" into an OR gate File: D:/VHDLQ/Enchip.vhd Line: 74
Info (286030): Timing-Driven Synthesis is running
Info (17049): 2 registers lost all their fanouts during netlist optimizations.
Info (16010): Generating hard_block partition "hard_block:auto_generated_inst"
    Info (16011): Adding 0 node(s), including 0 DDIO, 0 PLL, 0 transceiver and 0 LCELL
Info (21057): Implemented 489 device resources after synthesis - the final resource count might be different
    Info (21058): Implemented 12 input pins
    Info (21059): Implemented 23 output pins
    Info (21061): Implemented 454 logic cells
Info: Quartus Prime Analysis & Synthesis was successful. 0 errors, 56 warnings
    Info: Peak virtual memory: 4959 megabytes
    Info: Processing ended: Fri Oct 20 16:26:44 2023
    Info: Elapsed time: 00:00:08
    Info: Total CPU time (on all processors): 00:00:16


